{"total": {"lines":{"total":112,"covered":112,"skipped":0,"pct":100},"statements":{"total":117,"covered":117,"skipped":0,"pct":100},"functions":{"total":17,"covered":17,"skipped":0,"pct":100},"branches":{"total":45,"covered":39,"skipped":0,"pct":86.66},"branchesTrue":{"total":0,"covered":0,"skipped":0,"pct":100}}
,"/mnt/c/Users/aaron/code/lego-brick-organizer/database/schema.js": {"lines":{"total":12,"covered":12,"skipped":0,"pct":100},"functions":{"total":1,"covered":1,"skipped":0,"pct":100},"statements":{"total":12,"covered":12,"skipped":0,"pct":100},"branches":{"total":1,"covered":0,"skipped":0,"pct":0}}
,"/mnt/c/Users/aaron/code/lego-brick-organizer/lib/ldraw-parser.js": {"lines":{"total":59,"covered":59,"skipped":0,"pct":100},"functions":{"total":6,"covered":6,"skipped":0,"pct":100},"statements":{"total":60,"covered":60,"skipped":0,"pct":100},"branches":{"total":25,"covered":21,"skipped":0,"pct":84}}
,"/mnt/c/Users/aaron/code/lego-brick-organizer/lib/svg-generator.js": {"lines":{"total":41,"covered":41,"skipped":0,"pct":100},"functions":{"total":10,"covered":10,"skipped":0,"pct":100},"statements":{"total":45,"covered":45,"skipped":0,"pct":100},"branches":{"total":19,"covered":18,"skipped":0,"pct":94.73}}
}
