TN:
SF:database/schema.js
FN:4,initializeDatabase
FNF:1
FNH:1
FNDA:17,initializeDatabase
DA:1,1
DA:2,1
DA:5,17
DA:8,17
DA:11,17
DA:25,17
DA:33,17
DA:42,17
DA:61,17
DA:70,17
DA:71,17
DA:74,1
LF:12
LH:12
BRDA:4,0,0,0
BRF:1
BRH:0
end_of_record
TN:
SF:lib/ldraw-parser.js
FN:12,(anonymous_0)
FN:19,(anonymous_1)
FN:97,(anonymous_2)
FN:112,(anonymous_3)
FN:132,(anonymous_4)
FN:156,(anonymous_5)
FNF:6
FNH:6
FNDA:20,(anonymous_0)
FNDA:11,(anonymous_1)
FNDA:5,(anonymous_2)
FNDA:1,(anonymous_3)
FNDA:5,(anonymous_4)
FNDA:17,(anonymous_5)
DA:1,1
DA:2,1
DA:13,20
DA:20,11
DA:22,11
DA:23,2
DA:26,9
DA:27,9
DA:29,9
DA:30,9
DA:31,9
DA:33,9
DA:34,27
DA:37,27
DA:40,24
DA:42,11
DA:43,8
DA:45,11
DA:49,13
DA:50,3
DA:51,3
DA:52,3
DA:65,3
DA:67,3
DA:71,10
DA:72,10
DA:73,10
DA:74,10
DA:87,9
DA:98,5
DA:99,1
DA:100,1
DA:103,4
DA:104,4
DA:105,3
DA:108,3
DA:109,2
DA:112,2
DA:113,1
DA:116,2
DA:119,3
DA:124,1
DA:125,1
DA:133,5
DA:136,5
DA:137,5
DA:138,5
DA:141,5
DA:142,5
DA:143,5
DA:145,5
DA:158,17
DA:161,17
DA:163,17
DA:170,17
DA:171,29
DA:172,14
DA:177,3
DA:181,1
LF:59
LH:59
BRDA:12,0,0,0
BRDA:22,1,0,2
BRDA:22,1,1,9
BRDA:37,2,0,3
BRDA:37,2,1,24
BRDA:40,3,0,11
BRDA:40,3,1,13
BRDA:42,4,0,8
BRDA:42,4,1,3
BRDA:42,5,0,11
BRDA:42,5,1,8
BRDA:49,6,0,3
BRDA:49,6,1,10
BRDA:51,7,0,3
BRDA:51,7,1,0
BRDA:71,8,0,10
BRDA:71,8,1,0
BRDA:73,9,0,10
BRDA:73,9,1,0
BRDA:97,10,0,2
BRDA:97,11,0,2
BRDA:98,12,0,1
BRDA:98,12,1,4
BRDA:171,13,0,14
BRDA:171,13,1,15
BRF:25
BRH:21
end_of_record
TN:
SF:lib/svg-generator.js
FN:6,(anonymous_0)
FN:17,(anonymous_1)
FN:23,(anonymous_2)
FN:39,(anonymous_3)
FN:59,(anonymous_4)
FN:76,(anonymous_5)
FN:92,(anonymous_6)
FN:103,(anonymous_7)
FN:104,(anonymous_8)
FN:122,(anonymous_9)
FNF:10
FNH:10
FNDA:32,(anonymous_0)
FNDA:5,(anonymous_1)
FNDA:4,(anonymous_2)
FNDA:7,(anonymous_3)
FNDA:5,(anonymous_4)
FNDA:7,(anonymous_5)
FNDA:9,(anonymous_6)
FNDA:8,(anonymous_7)
FNDA:10,(anonymous_8)
FNDA:6,(anonymous_9)
DA:7,32
DA:8,32
DA:9,32
DA:10,32
DA:11,32
DA:18,5
DA:19,3
DA:23,4
DA:26,2
DA:29,2
DA:32,2
DA:42,7
DA:43,7
DA:46,7
DA:47,7
DA:50,7
DA:51,7
DA:53,7
DA:60,5
DA:61,5
DA:63,5
DA:64,9
DA:65,9
DA:66,9
DA:67,9
DA:70,5
DA:77,7
DA:78,7
DA:81,7
DA:82,7
DA:84,7
DA:85,7
DA:86,7
DA:89,7
DA:90,7
DA:92,9
DA:104,8
DA:105,10
DA:111,8
DA:123,6
DA:132,1
LF:41
LH:41
BRDA:6,0,0,27
BRDA:7,1,0,32
BRDA:7,1,1,30
BRDA:8,2,0,32
BRDA:8,2,1,30
BRDA:9,3,0,32
BRDA:9,3,1,30
BRDA:10,4,0,32
BRDA:10,4,1,30
BRDA:11,5,0,32
BRDA:11,5,1,30
BRDA:18,6,0,3
BRDA:18,6,1,2
BRDA:18,7,0,5
BRDA:18,7,1,3
BRDA:84,8,0,6
BRDA:84,8,1,1
BRDA:85,9,0,7
BRDA:85,9,1,0
BRF:19
BRH:18
end_of_record
